2015-09-01 23:09:44 EDT [23022]: [1-1] user=,db=,app=,client= LOG:  database system was shut down at 2015-09-01 23:09:43 EDT
2015-09-01 23:09:44 EDT [23022]: [2-1] user=,db=,app=,client= LOG:  MultiXact member wraparound protections are now enabled
2015-09-01 23:09:44 EDT [23021]: [1-1] user=,db=,app=,client= LOG:  database system is ready to accept connections
2015-09-01 23:09:44 EDT [23026]: [1-1] user=,db=,app=,client= LOG:  autovacuum launcher started
2015-09-01 23:10:08 EDT [23023]: [1-1] user=,db=,app=,client= LOG:  checkpoints are occurring too frequently (24 seconds apart)
2015-09-01 23:10:08 EDT [23023]: [2-1] user=,db=,app=,client= HINT:  Consider increasing the configuration parameter "max_wal_size".
2015-09-01 23:10:08 EDT [23023]: [3-1] user=,db=,app=,client= LOG:  checkpoint starting: xlog
2015-09-01 23:10:15 EDT [23023]: [4-1] user=,db=,app=,client= LOG:  checkpoint complete: wrote 53930 buffers (5.1%); 0 transaction log file(s) added, 0 removed, 0 recycled; write=6.369 s, sync=0.495 s, total=6.874 s; sync files=57, longest=0.022 s, average=0.008 s; distance=399084 kB, estimate=399084 kB
2015-09-01 23:10:21 EDT [23023]: [5-1] user=,db=,app=,client= LOG:  checkpoints are occurring too frequently (13 seconds apart)
2015-09-01 23:10:21 EDT [23023]: [6-1] user=,db=,app=,client= HINT:  Consider increasing the configuration parameter "max_wal_size".
2015-09-01 23:10:21 EDT [23023]: [7-1] user=,db=,app=,client= LOG:  checkpoint starting: xlog
2015-09-01 23:10:28 EDT [23023]: [8-1] user=,db=,app=,client= LOG:  checkpoint complete: wrote 55252 buffers (5.3%); 0 transaction log file(s) added, 25 removed, 0 recycled; write=6.719 s, sync=0.499 s, total=7.232 s; sync files=56, longest=0.018 s, average=0.008 s; distance=410534 kB, estimate=410534 kB
2015-09-01 23:10:34 EDT [23023]: [9-1] user=,db=,app=,client= LOG:  checkpoints are occurring too frequently (13 seconds apart)
2015-09-01 23:10:34 EDT [23023]: [10-1] user=,db=,app=,client= HINT:  Consider increasing the configuration parameter "max_wal_size".
2015-09-01 23:10:34 EDT [23023]: [11-1] user=,db=,app=,client= LOG:  checkpoint starting: xlog
2015-09-01 23:10:41 EDT [23023]: [12-1] user=,db=,app=,client= LOG:  checkpoint complete: wrote 54852 buffers (5.2%); 0 transaction log file(s) added, 25 removed, 0 recycled; write=6.364 s, sync=0.082 s, total=6.454 s; sync files=50, longest=0.007 s, average=0.001 s; distance=407518 kB, estimate=410232 kB
2015-09-01 23:10:47 EDT [23023]: [13-1] user=,db=,app=,client= LOG:  checkpoints are occurring too frequently (13 seconds apart)
2015-09-01 23:10:47 EDT [23023]: [14-1] user=,db=,app=,client= HINT:  Consider increasing the configuration parameter "max_wal_size".
2015-09-01 23:10:47 EDT [23023]: [15-1] user=,db=,app=,client= LOG:  checkpoint starting: xlog
2015-09-01 23:10:53 EDT [23023]: [16-1] user=,db=,app=,client= LOG:  checkpoint complete: wrote 55472 buffers (5.3%); 0 transaction log file(s) added, 25 removed, 0 recycled; write=5.907 s, sync=0.506 s, total=6.420 s; sync files=50, longest=0.021 s, average=0.010 s; distance=412110 kB, estimate=412110 kB
2015-09-01 23:10:59 EDT [23023]: [17-1] user=,db=,app=,client= LOG:  checkpoints are occurring too frequently (12 seconds apart)
2015-09-01 23:10:59 EDT [23023]: [18-1] user=,db=,app=,client= HINT:  Consider increasing the configuration parameter "max_wal_size".
2015-09-01 23:10:59 EDT [23023]: [19-1] user=,db=,app=,client= LOG:  checkpoint starting: xlog
2015-09-01 23:11:05 EDT [23023]: [20-1] user=,db=,app=,client= LOG:  checkpoint complete: wrote 54801 buffers (5.2%); 0 transaction log file(s) added, 25 removed, 0 recycled; write=5.783 s, sync=0.500 s, total=6.290 s; sync files=50, longest=0.022 s, average=0.010 s; distance=407065 kB, estimate=411606 kB
2015-09-01 23:11:10 EDT [23023]: [21-1] user=,db=,app=,client= LOG:  checkpoints are occurring too frequently (11 seconds apart)
2015-09-01 23:11:10 EDT [23023]: [22-1] user=,db=,app=,client= HINT:  Consider increasing the configuration parameter "max_wal_size".
2015-09-01 23:11:10 EDT [23023]: [23-1] user=,db=,app=,client= LOG:  checkpoint starting: xlog
2015-09-01 23:11:17 EDT [23023]: [24-1] user=,db=,app=,client= LOG:  checkpoint complete: wrote 55736 buffers (5.3%); 0 transaction log file(s) added, 25 removed, 0 recycled; write=5.935 s, sync=0.512 s, total=6.459 s; sync files=51, longest=0.021 s, average=0.010 s; distance=414120 kB, estimate=414120 kB
2015-09-01 23:11:22 EDT [23023]: [25-1] user=,db=,app=,client= LOG:  checkpoints are occurring too frequently (12 seconds apart)
2015-09-01 23:11:22 EDT [23023]: [26-1] user=,db=,app=,client= HINT:  Consider increasing the configuration parameter "max_wal_size".
2015-09-01 23:11:22 EDT [23023]: [27-1] user=,db=,app=,client= LOG:  checkpoint starting: xlog
2015-09-01 23:11:29 EDT [23023]: [28-1] user=,db=,app=,client= LOG:  checkpoint complete: wrote 54574 buffers (5.2%); 0 transaction log file(s) added, 25 removed, 0 recycled; write=5.724 s, sync=0.506 s, total=6.238 s; sync files=50, longest=0.021 s, average=0.010 s; distance=405373 kB, estimate=413245 kB
2015-09-01 23:11:34 EDT [23023]: [29-1] user=,db=,app=,client= LOG:  checkpoints are occurring too frequently (12 seconds apart)
2015-09-01 23:11:34 EDT [23023]: [30-1] user=,db=,app=,client= HINT:  Consider increasing the configuration parameter "max_wal_size".
2015-09-01 23:11:34 EDT [23023]: [31-1] user=,db=,app=,client= LOG:  checkpoint starting: xlog
2015-09-01 23:11:40 EDT [23023]: [32-1] user=,db=,app=,client= LOG:  checkpoint complete: wrote 55363 buffers (5.3%); 0 transaction log file(s) added, 25 removed, 0 recycled; write=5.556 s, sync=0.509 s, total=6.077 s; sync files=50, longest=0.020 s, average=0.010 s; distance=411196 kB, estimate=413040 kB
2015-09-01 23:11:45 EDT [23023]: [33-1] user=,db=,app=,client= LOG:  checkpoints are occurring too frequently (11 seconds apart)
2015-09-01 23:11:45 EDT [23023]: [34-1] user=,db=,app=,client= HINT:  Consider increasing the configuration parameter "max_wal_size".
2015-09-01 23:11:45 EDT [23023]: [35-1] user=,db=,app=,client= LOG:  checkpoint starting: xlog
2015-09-01 23:11:50 EDT [23023]: [36-1] user=,db=,app=,client= LOG:  checkpoint complete: wrote 55230 buffers (5.3%); 0 transaction log file(s) added, 25 removed, 0 recycled; write=4.952 s, sync=0.497 s, total=5.461 s; sync files=50, longest=0.029 s, average=0.009 s; distance=410363 kB, estimate=412772 kB
2015-09-01 23:11:55 EDT [23023]: [37-1] user=,db=,app=,client= LOG:  checkpoints are occurring too frequently (10 seconds apart)
2015-09-01 23:11:55 EDT [23023]: [38-1] user=,db=,app=,client= HINT:  Consider increasing the configuration parameter "max_wal_size".
2015-09-01 23:11:55 EDT [23023]: [39-1] user=,db=,app=,client= LOG:  checkpoint starting: xlog
2015-09-01 23:12:00 EDT [23023]: [40-1] user=,db=,app=,client= LOG:  checkpoint complete: wrote 54961 buffers (5.2%); 0 transaction log file(s) added, 25 removed, 0 recycled; write=4.937 s, sync=0.564 s, total=5.510 s; sync files=50, longest=0.030 s, average=0.011 s; distance=408363 kB, estimate=412331 kB
2015-09-01 23:12:05 EDT [23023]: [41-1] user=,db=,app=,client= LOG:  checkpoints are occurring too frequently (10 seconds apart)
2015-09-01 23:12:05 EDT [23023]: [42-1] user=,db=,app=,client= HINT:  Consider increasing the configuration parameter "max_wal_size".
2015-09-01 23:12:05 EDT [23023]: [43-1] user=,db=,app=,client= LOG:  checkpoint starting: xlog
2015-09-01 23:12:11 EDT [23023]: [44-1] user=,db=,app=,client= LOG:  checkpoint complete: wrote 54821 buffers (5.2%); 0 transaction log file(s) added, 25 removed, 0 recycled; write=5.073 s, sync=0.529 s, total=5.613 s; sync files=50, longest=0.025 s, average=0.010 s; distance=407458 kB, estimate=411844 kB
2015-09-01 23:12:16 EDT [23023]: [45-1] user=,db=,app=,client= LOG:  checkpoints are occurring too frequently (11 seconds apart)
2015-09-01 23:12:16 EDT [23023]: [46-1] user=,db=,app=,client= HINT:  Consider increasing the configuration parameter "max_wal_size".
2015-09-01 23:12:16 EDT [23023]: [47-1] user=,db=,app=,client= LOG:  checkpoint starting: xlog
2015-09-01 23:12:21 EDT [23023]: [48-1] user=,db=,app=,client= LOG:  checkpoint complete: wrote 55991 buffers (5.3%); 0 transaction log file(s) added, 25 removed, 0 recycled; write=4.906 s, sync=0.526 s, total=5.439 s; sync files=50, longest=0.021 s, average=0.010 s; distance=416017 kB, estimate=416017 kB
2015-09-01 23:12:26 EDT [23023]: [49-1] user=,db=,app=,client= LOG:  checkpoints are occurring too frequently (10 seconds apart)
2015-09-01 23:12:26 EDT [23023]: [50-1] user=,db=,app=,client= HINT:  Consider increasing the configuration parameter "max_wal_size".
2015-09-01 23:12:26 EDT [23023]: [51-1] user=,db=,app=,client= LOG:  checkpoint starting: xlog
2015-09-01 23:12:31 EDT [23023]: [52-1] user=,db=,app=,client= LOG:  checkpoint complete: wrote 55364 buffers (5.3%); 0 transaction log file(s) added, 25 removed, 0 recycled; write=4.527 s, sync=0.547 s, total=5.083 s; sync files=50, longest=0.024 s, average=0.010 s; distance=411197 kB, estimate=415535 kB
2015-09-01 23:12:35 EDT [23023]: [53-1] user=,db=,app=,client= LOG:  checkpoints are occurring too frequently (9 seconds apart)
2015-09-01 23:12:35 EDT [23023]: [54-1] user=,db=,app=,client= HINT:  Consider increasing the configuration parameter "max_wal_size".
2015-09-01 23:12:35 EDT [23023]: [55-1] user=,db=,app=,client= LOG:  checkpoint starting: xlog
2015-09-01 23:12:40 EDT [23023]: [56-1] user=,db=,app=,client= LOG:  checkpoint complete: wrote 54298 buffers (5.2%); 0 transaction log file(s) added, 25 removed, 0 recycled; write=4.469 s, sync=0.504 s, total=4.983 s; sync files=50, longest=0.024 s, average=0.010 s; distance=403699 kB, estimate=414351 kB
2015-09-01 23:12:44 EDT [23023]: [57-1] user=,db=,app=,client= LOG:  checkpoints are occurring too frequently (9 seconds apart)
2015-09-01 23:12:44 EDT [23023]: [58-1] user=,db=,app=,client= HINT:  Consider increasing the configuration parameter "max_wal_size".
2015-09-01 23:12:44 EDT [23023]: [59-1] user=,db=,app=,client= LOG:  checkpoint starting: xlog
2015-09-01 23:12:48 EDT [23023]: [60-1] user=,db=,app=,client= LOG:  checkpoint complete: wrote 54790 buffers (5.2%); 0 transaction log file(s) added, 25 removed, 0 recycled; write=3.947 s, sync=0.528 s, total=4.488 s; sync files=50, longest=0.023 s, average=0.010 s; distance=407095 kB, estimate=413626 kB
2015-09-01 23:12:52 EDT [23023]: [61-1] user=,db=,app=,client= LOG:  checkpoints are occurring too frequently (8 seconds apart)
2015-09-01 23:12:52 EDT [23023]: [62-1] user=,db=,app=,client= HINT:  Consider increasing the configuration parameter "max_wal_size".
2015-09-01 23:12:52 EDT [23023]: [63-1] user=,db=,app=,client= LOG:  checkpoint starting: xlog
2015-09-01 23:12:56 EDT [23023]: [64-1] user=,db=,app=,client= LOG:  checkpoint complete: wrote 55445 buffers (5.3%); 0 transaction log file(s) added, 25 removed, 0 recycled; write=3.798 s, sync=0.548 s, total=4.355 s; sync files=50, longest=0.022 s, average=0.010 s; distance=412089 kB, estimate=413472 kB
2015-09-01 23:13:00 EDT [23023]: [65-1] user=,db=,app=,client= LOG:  checkpoints are occurring too frequently (8 seconds apart)
2015-09-01 23:13:00 EDT [23023]: [66-1] user=,db=,app=,client= HINT:  Consider increasing the configuration parameter "max_wal_size".
2015-09-01 23:13:00 EDT [23023]: [67-1] user=,db=,app=,client= LOG:  checkpoint starting: xlog
2015-09-01 23:13:04 EDT [23023]: [68-1] user=,db=,app=,client= LOG:  checkpoint complete: wrote 56005 buffers (5.3%); 0 transaction log file(s) added, 25 removed, 0 recycled; write=3.620 s, sync=0.523 s, total=4.149 s; sync files=50, longest=0.021 s, average=0.010 s; distance=416117 kB, estimate=416117 kB
2015-09-01 23:13:08 EDT [23023]: [69-1] user=,db=,app=,client= LOG:  checkpoints are occurring too frequently (8 seconds apart)
2015-09-01 23:13:08 EDT [23023]: [70-1] user=,db=,app=,client= HINT:  Consider increasing the configuration parameter "max_wal_size".
2015-09-01 23:13:08 EDT [23023]: [71-1] user=,db=,app=,client= LOG:  checkpoint starting: xlog
2015-09-01 23:13:11 EDT [23023]: [72-1] user=,db=,app=,client= LOG:  checkpoint complete: wrote 55657 buffers (5.3%); 0 transaction log file(s) added, 25 removed, 0 recycled; write=3.324 s, sync=0.526 s, total=3.861 s; sync files=50, longest=0.024 s, average=0.010 s; distance=413759 kB, estimate=415881 kB
2015-09-01 23:13:14 EDT [23023]: [73-1] user=,db=,app=,client= LOG:  checkpoints are occurring too frequently (6 seconds apart)
2015-09-01 23:13:14 EDT [23023]: [74-1] user=,db=,app=,client= HINT:  Consider increasing the configuration parameter "max_wal_size".
2015-09-01 23:13:14 EDT [23023]: [75-1] user=,db=,app=,client= LOG:  checkpoint starting: xlog
2015-09-01 23:13:18 EDT [23023]: [76-1] user=,db=,app=,client= LOG:  checkpoint complete: wrote 54256 buffers (5.2%); 0 transaction log file(s) added, 25 removed, 0 recycled; write=3.298 s, sync=0.504 s, total=3.813 s; sync files=50, longest=0.020 s, average=0.010 s; distance=403347 kB, estimate=414627 kB
2015-09-01 23:13:21 EDT [23023]: [77-1] user=,db=,app=,client= LOG:  checkpoints are occurring too frequently (7 seconds apart)
2015-09-01 23:13:21 EDT [23023]: [78-1] user=,db=,app=,client= HINT:  Consider increasing the configuration parameter "max_wal_size".
2015-09-01 23:13:21 EDT [23023]: [79-1] user=,db=,app=,client= LOG:  checkpoint starting: xlog
2015-09-01 23:13:25 EDT [23023]: [80-1] user=,db=,app=,client= LOG:  checkpoint complete: wrote 55982 buffers (5.3%); 0 transaction log file(s) added, 25 removed, 0 recycled; write=3.171 s, sync=0.525 s, total=3.703 s; sync files=50, longest=0.025 s, average=0.010 s; distance=416020 kB, estimate=416020 kB
2015-09-01 23:13:28 EDT [23023]: [81-1] user=,db=,app=,client= LOG:  checkpoints are occurring too frequently (7 seconds apart)
2015-09-01 23:13:28 EDT [23023]: [82-1] user=,db=,app=,client= HINT:  Consider increasing the configuration parameter "max_wal_size".
2015-09-01 23:13:28 EDT [23023]: [83-1] user=,db=,app=,client= LOG:  checkpoint starting: xlog
2015-09-01 23:13:31 EDT [23023]: [84-1] user=,db=,app=,client= LOG:  checkpoint complete: wrote 54998 buffers (5.2%); 0 transaction log file(s) added, 25 removed, 0 recycled; write=2.836 s, sync=0.527 s, total=3.378 s; sync files=50, longest=0.022 s, average=0.010 s; distance=408641 kB, estimate=415282 kB
2015-09-01 23:13:34 EDT [23023]: [85-1] user=,db=,app=,client= LOG:  checkpoints are occurring too frequently (6 seconds apart)
2015-09-01 23:13:34 EDT [23023]: [86-1] user=,db=,app=,client= HINT:  Consider increasing the configuration parameter "max_wal_size".
2015-09-01 23:13:34 EDT [23023]: [87-1] user=,db=,app=,client= LOG:  checkpoint starting: xlog
2015-09-01 23:15:46 EDT [23023]: [88-1] user=,db=,app=,client= LOG:  checkpoint complete: wrote 47370 buffers (4.5%); 0 transaction log file(s) added, 25 removed, 0 recycled; write=132.193 s, sync=0.115 s, total=132.315 s; sync files=56, longest=0.004 s, average=0.002 s; distance=400052 kB, estimate=413759 kB
2015-09-01 23:18:34 EDT [23023]: [89-1] user=,db=,app=,client= LOG:  checkpoint starting: time
2015-09-01 23:19:58 EDT [23023]: [90-1] user=,db=,app=,client= LOG:  checkpoint complete: wrote 3464 buffers (0.3%); 0 transaction log file(s) added, 25 removed, 0 recycled; write=83.825 s, sync=0.043 s, total=83.874 s; sync files=63, longest=0.006 s, average=0.000 s; distance=161815 kB, estimate=388565 kB
2015-09-01 23:23:34 EDT [23023]: [91-1] user=,db=,app=,client= LOG:  checkpoint starting: time
2015-09-01 23:23:34 EDT [23023]: [92-1] user=,db=,app=,client= LOG:  checkpoint complete: wrote 0 buffers (0.0%); 0 transaction log file(s) added, 10 removed, 0 recycled; write=0.010 s, sync=0.000 s, total=0.014 s; sync files=2, longest=0.000 s, average=0.000 s; distance=0 kB, estimate=349708 kB
2015-09-01 23:28:34 EDT [23023]: [93-1] user=,db=,app=,client= LOG:  checkpoint starting: time
2015-09-01 23:28:34 EDT [23023]: [94-1] user=,db=,app=,client= LOG:  checkpoint complete: wrote 0 buffers (0.0%); 0 transaction log file(s) added, 0 removed, 0 recycled; write=0.010 s, sync=0.003 s, total=0.016 s; sync files=3, longest=0.001 s, average=0.001 s; distance=2201 kB, estimate=314958 kB
2015-09-01 23:33:34 EDT [23023]: [95-1] user=,db=,app=,client= LOG:  checkpoint starting: time
2015-09-01 23:34:40 EDT [23023]: [96-1] user=,db=,app=,client= LOG:  checkpoint complete: wrote 659 buffers (0.1%); 0 transaction log file(s) added, 0 removed, 0 recycled; write=65.483 s, sync=0.011 s, total=65.497 s; sync files=8, longest=0.005 s, average=0.001 s; distance=1 kB, estimate=283462 kB
2015-09-01 23:38:34 EDT [23023]: [97-1] user=,db=,app=,client= LOG:  checkpoint starting: time
2015-09-01 23:38:40 EDT [23023]: [98-1] user=,db=,app=,client= LOG:  checkpoint complete: wrote 64 buffers (0.0%); 0 transaction log file(s) added, 0 removed, 0 recycled; write=6.332 s, sync=0.014 s, total=6.349 s; sync files=20, longest=0.006 s, average=0.000 s; distance=1 kB, estimate=255116 kB
2015-09-01 23:43:35 EDT [23023]: [99-1] user=,db=,app=,client= LOG:  checkpoint starting: time
2015-09-01 23:44:33 EDT [23023]: [100-1] user=,db=,app=,client= LOG:  checkpoint complete: wrote 579 buffers (0.1%); 0 transaction log file(s) added, 0 removed, 0 recycled; write=57.966 s, sync=0.026 s, total=57.994 s; sync files=24, longest=0.007 s, average=0.001 s; distance=1 kB, estimate=229604 kB
2015-09-01 23:53:35 EDT [23023]: [101-1] user=,db=,app=,client= LOG:  checkpoint starting: time
2015-09-01 23:53:35 EDT [23023]: [102-1] user=,db=,app=,client= LOG:  checkpoint complete: wrote 1 buffers (0.0%); 0 transaction log file(s) added, 0 removed, 0 recycled; write=0.012 s, sync=0.001 s, total=0.017 s; sync files=5, longest=0.000 s, average=0.000 s; distance=808 kB, estimate=206725 kB
2015-09-02 00:00:22 EDT [23925]: [1-1] user=mark,db=dbt3,app=psql,client=[local] ERROR:  invalid memory alloc request size 2147483648
2015-09-02 00:00:22 EDT [23925]: [2-1] user=mark,db=dbt3,app=psql,client=[local] STATEMENT:  select
		s_name,
		count(*) as numwait
	from
		supplier,
		lineitem l1,
		orders,
		nation
	where
		s_suppkey = l1.l_suppkey
		and o_orderkey = l1.l_orderkey
		and o_orderstatus = 'F'
		and l1.l_receiptdate > l1.l_commitdate
		and exists (
			select
				*
			from
				lineitem l2
			where
				l2.l_orderkey = l1.l_orderkey
				and l2.l_suppkey <> l1.l_suppkey
		)
		and not exists (
			select
				*
			from
				lineitem l3
			where
				l3.l_orderkey = l1.l_orderkey
				and l3.l_suppkey <> l1.l_suppkey
				and l3.l_receiptdate > l3.l_commitdate
		)
		and s_nationkey = n_nationkey
		and n_name = 'CHINA'
	group by
		s_name
	order by
		numwait desc,
		s_name
	LIMIT 100;
2015-09-02 00:03:35 EDT [23023]: [103-1] user=,db=,app=,client= LOG:  checkpoint starting: time
2015-09-02 00:05:08 EDT [23023]: [104-1] user=,db=,app=,client= LOG:  checkpoint complete: wrote 927 buffers (0.1%); 0 transaction log file(s) added, 0 removed, 0 recycled; write=92.756 s, sync=0.016 s, total=92.775 s; sync files=24, longest=0.008 s, average=0.000 s; distance=1 kB, estimate=186052 kB
2015-09-02 00:07:45 EDT [24077]: [1-1] user=mark,db=dbt3,app=psql,client=[local] ERROR:  invalid memory alloc request size 2147483648
2015-09-02 00:07:45 EDT [24077]: [2-1] user=mark,db=dbt3,app=psql,client=[local] STATEMENT:  select
		cntrycode,
		count(*) as numcust,
		sum(c_acctbal) as totacctbal
	from
		(
			select
				substr(c_phone, 1, 2) as cntrycode,
				c_acctbal
			from
				customer
			where
				substr(c_phone, 1, 2) in
					('17', '32', '22', '23', '29', '30', '27')
				and c_acctbal > (
					select
						avg(c_acctbal)
					from
						customer
					where
						c_acctbal > 0.00
						and substr(c_phone, 1, 2) in
							('17', '32', '22', '23', '29', '30', '27')
				)
				and not exists (
					select
						*
					from
						orders
					where
						o_custkey = c_custkey
				)
		) as vip
	group by
		cntrycode
	order by
		cntrycode;
2015-09-02 00:08:35 EDT [23023]: [105-1] user=,db=,app=,client= LOG:  checkpoint starting: time
2015-09-02 00:08:35 EDT [23023]: [106-1] user=,db=,app=,client= LOG:  checkpoint complete: wrote 1 buffers (0.0%); 0 transaction log file(s) added, 0 removed, 0 recycled; write=0.015 s, sync=0.000 s, total=0.019 s; sync files=1, longest=0.000 s, average=0.000 s; distance=2 kB, estimate=167447 kB
2015-09-02 00:13:35 EDT [23023]: [107-1] user=,db=,app=,client= LOG:  checkpoint starting: time
2015-09-02 00:13:36 EDT [23023]: [108-1] user=,db=,app=,client= LOG:  checkpoint complete: wrote 13 buffers (0.0%); 0 transaction log file(s) added, 0 removed, 0 recycled; write=1.320 s, sync=0.008 s, total=1.331 s; sync files=17, longest=0.003 s, average=0.000 s; distance=109 kB, estimate=150713 kB
2015-09-02 00:18:35 EDT [23023]: [109-1] user=,db=,app=,client= LOG:  checkpoint starting: time
2015-09-02 00:18:36 EDT [23023]: [110-1] user=,db=,app=,client= LOG:  checkpoint complete: wrote 6 buffers (0.0%); 0 transaction log file(s) added, 0 removed, 0 recycled; write=0.517 s, sync=0.003 s, total=0.527 s; sync files=6, longest=0.001 s, average=0.000 s; distance=30 kB, estimate=135645 kB
2015-09-02 00:43:35 EDT [23023]: [111-1] user=,db=,app=,client= LOG:  checkpoint starting: time
2015-09-02 00:43:35 EDT [23023]: [112-1] user=,db=,app=,client= LOG:  checkpoint complete: wrote 1 buffers (0.0%); 0 transaction log file(s) added, 0 removed, 0 recycled; write=0.016 s, sync=0.001 s, total=0.021 s; sync files=4, longest=0.000 s, average=0.000 s; distance=2 kB, estimate=122081 kB
2015-09-02 00:48:36 EDT [23023]: [113-1] user=,db=,app=,client= LOG:  checkpoint starting: time
2015-09-02 00:48:36 EDT [23023]: [114-1] user=,db=,app=,client= LOG:  checkpoint complete: wrote 0 buffers (0.0%); 0 transaction log file(s) added, 0 removed, 0 recycled; write=0.011 s, sync=0.005 s, total=0.018 s; sync files=24, longest=0.000 s, average=0.000 s; distance=2 kB, estimate=109873 kB
2015-09-02 00:53:36 EDT [23023]: [115-1] user=,db=,app=,client= LOG:  checkpoint starting: time
2015-09-02 00:53:36 EDT [23023]: [116-1] user=,db=,app=,client= LOG:  checkpoint complete: wrote 0 buffers (0.0%); 0 transaction log file(s) added, 0 removed, 0 recycled; write=0.010 s, sync=0.000 s, total=0.013 s; sync files=1, longest=0.000 s, average=0.000 s; distance=2 kB, estimate=98886 kB
2015-09-02 01:03:36 EDT [23023]: [117-1] user=,db=,app=,client= LOG:  checkpoint starting: time
2015-09-02 01:03:36 EDT [23023]: [118-1] user=,db=,app=,client= LOG:  checkpoint complete: wrote 0 buffers (0.0%); 0 transaction log file(s) added, 0 removed, 0 recycled; write=0.010 s, sync=0.002 s, total=0.019 s; sync files=5, longest=0.001 s, average=0.000 s; distance=2 kB, estimate=88997 kB
2015-09-02 01:07:38 EDT [23021]: [2-1] user=,db=,app=,client= LOG:  received fast shutdown request
2015-09-02 01:07:38 EDT [23021]: [3-1] user=,db=,app=,client= LOG:  aborting any active transactions
2015-09-02 01:07:38 EDT [23026]: [2-1] user=,db=,app=,client= LOG:  autovacuum launcher shutting down
2015-09-02 01:07:38 EDT [23023]: [119-1] user=,db=,app=,client= LOG:  shutting down
2015-09-02 01:07:38 EDT [23023]: [120-1] user=,db=,app=,client= LOG:  checkpoint starting: shutdown immediate
2015-09-02 01:07:38 EDT [23023]: [121-1] user=,db=,app=,client= LOG:  checkpoint complete: wrote 13916 buffers (1.3%); 0 transaction log file(s) added, 0 removed, 0 recycled; write=0.086 s, sync=0.094 s, total=0.183 s; sync files=25, longest=0.070 s, average=0.003 s; distance=151712 kB, estimate=151712 kB
2015-09-02 01:07:38 EDT [23023]: [122-1] user=,db=,app=,client= LOG:  database system is shut down
